[INFO ] 2021-07-12 07:44:30.423 [Test worker] Log - Test is starting
[INFO ] 2021-07-12 07:44:30.427 [Test worker] Log - chrome is starting
[INFO ] 2021-07-12 07:44:32.176 [Test worker] Log - navigating to url : https://www.linkedin.com/
[INFO ] 2021-07-12 07:44:33.248 [Test worker] Log - Launched the web application.
[INFO ] 2021-07-12 07:44:39.017 [Test worker] Log - clicking sign in button
[INFO ] 2021-07-12 07:44:41.345 [Test worker] Log - Sending email or username in input_box
[INFO ] 2021-07-12 07:44:41.412 [Test worker] Log - sending password in input_box
[INFO ] 2021-07-12 07:44:43.490 [Test worker] Log - Clicking on sign in and logging into application
[INFO ] 2021-07-12 07:44:53.383 [Test worker] Log - Clicking on me button
[INFO ] 2021-07-12 07:44:56.447 [Test worker] Log - Clicking on sign out button
[WARN ] 2021-07-12 07:44:58.748 [Test worker] Log - Test is failed
[INFO ] 2021-07-12 07:44:58.815 [Test worker] Log - clicking sign in button
[INFO ] 2021-07-12 07:45:00.386 [Test worker] Log - Sending email or username in input_box
[INFO ] 2021-07-12 07:45:00.438 [Test worker] Log - sending password in input_box
[INFO ] 2021-07-12 07:45:02.510 [Test worker] Log - Clicking on sign in and logging into application
[INFO ] 2021-07-12 07:45:05.163 [Test worker] Log - Navigating url for again clicking on sign in
[WARN ] 2021-07-12 07:45:05.908 [Test worker] Log - Test is failed
[INFO ] 2021-07-12 07:45:05.920 [Test worker] Log - clicking sign in button
[INFO ] 2021-07-12 07:45:07.462 [Test worker] Log - Sending email or username in input_box
[INFO ] 2021-07-12 07:45:07.517 [Test worker] Log - sending password in input_box
[INFO ] 2021-07-12 07:45:09.583 [Test worker] Log - Clicking on sign in and logging into application
[INFO ] 2021-07-12 07:45:16.409 [Test worker] Log - Clicking on me button
[INFO ] 2021-07-12 07:45:19.507 [Test worker] Log - Clicking on sign out button
[WARN ] 2021-07-12 07:45:21.762 [Test worker] Log - Test is failed
[INFO ] 2021-07-12 07:45:21.768 [Test worker] Log - clicking sign in button
[INFO ] 2021-07-12 07:45:23.269 [Test worker] Log - Sending email or username in input_box
[INFO ] 2021-07-12 07:45:23.322 [Test worker] Log - sending password in input_box
[INFO ] 2021-07-12 07:45:25.399 [Test worker] Log - Clicking on sign in and logging into application
[INFO ] 2021-07-12 07:45:28.014 [Test worker] Log - Navigating url for again clicking on sign in
[WARN ] 2021-07-12 07:45:28.829 [Test worker] Log - Test is failed
[INFO ] 2021-07-12 07:45:28.838 [Test worker] Log - Browser is closed
[INFO ] 2021-07-12 07:45:29.630 [Test worker] Log - Test is ended
[INFO ] 2021-07-12 07:48:09.070 [Test worker] Log - Test is starting
[INFO ] 2021-07-12 07:48:09.074 [Test worker] Log - chrome is starting
[INFO ] 2021-07-12 07:48:10.785 [Test worker] Log - navigating to url : https://www.linkedin.com/
[INFO ] 2021-07-12 07:48:11.889 [Test worker] Log - Launched the web application.
[INFO ] 2021-07-12 07:48:17.516 [Test worker] Log - clicking sign in button
[INFO ] 2021-07-12 07:48:19.580 [Test worker] Log - Sending email or username in input_box
[INFO ] 2021-07-12 07:48:19.655 [Test worker] Log - sending password in input_box
[INFO ] 2021-07-12 07:48:21.731 [Test worker] Log - Clicking on sign in and logging into application
[INFO ] 2021-07-12 07:48:28.860 [Test worker] Log - Clicking on me button
[INFO ] 2021-07-12 07:48:31.954 [Test worker] Log - Clicking on sign out button
[INFO ] 2021-07-12 07:48:34.295 [Test worker] Log - Test is passed
[INFO ] 2021-07-12 07:48:34.365 [Test worker] Log - clicking sign in button
[INFO ] 2021-07-12 07:48:36.054 [Test worker] Log - Sending email or username in input_box
[INFO ] 2021-07-12 07:48:36.115 [Test worker] Log - sending password in input_box
[INFO ] 2021-07-12 07:48:38.197 [Test worker] Log - Clicking on sign in and logging into application
[INFO ] 2021-07-12 07:48:41.045 [Test worker] Log - Navigating url for again clicking on sign in
[INFO ] 2021-07-12 07:48:41.914 [Test worker] Log - Test is passed
[INFO ] 2021-07-12 07:48:41.920 [Test worker] Log - clicking sign in button
[INFO ] 2021-07-12 07:48:43.439 [Test worker] Log - Sending email or username in input_box
[INFO ] 2021-07-12 07:48:43.502 [Test worker] Log - sending password in input_box
[INFO ] 2021-07-12 07:48:45.567 [Test worker] Log - Clicking on sign in and logging into application
[INFO ] 2021-07-12 07:48:52.022 [Test worker] Log - Clicking on me button
[INFO ] 2021-07-12 07:48:55.112 [Test worker] Log - Clicking on sign out button
[INFO ] 2021-07-12 07:48:57.351 [Test worker] Log - Test is passed
[INFO ] 2021-07-12 07:48:57.356 [Test worker] Log - clicking sign in button
[INFO ] 2021-07-12 07:48:59.001 [Test worker] Log - Sending email or username in input_box
[INFO ] 2021-07-12 07:48:59.054 [Test worker] Log - sending password in input_box
[INFO ] 2021-07-12 07:49:01.127 [Test worker] Log - Clicking on sign in and logging into application
[INFO ] 2021-07-12 07:49:03.978 [Test worker] Log - Navigating url for again clicking on sign in
[INFO ] 2021-07-12 07:49:04.941 [Test worker] Log - Test is passed
[INFO ] 2021-07-12 07:49:04.949 [Test worker] Log - Browser is closed
[INFO ] 2021-07-12 07:49:05.665 [Test worker] Log - Test is ended
[INFO ] 2021-07-12 07:59:52.431 [main] Log - Test is starting
[INFO ] 2021-07-12 07:59:52.434 [main] Log - chrome is starting
[INFO ] 2021-07-12 07:59:54.022 [main] Log - navigating to url : https://www.linkedin.com/
[INFO ] 2021-07-12 07:59:55.048 [main] Log - Launched the web application.
[INFO ] 2021-07-12 08:00:00.636 [main] Log - LoginTestTest is starting
[INFO ] 2021-07-12 08:00:00.691 [main] Log - clicking sign in button
[INFO ] 2021-07-12 08:00:02.878 [main] Log - Sending email or username in input_box
[INFO ] 2021-07-12 08:00:02.984 [main] Log - sending password in input_box
[INFO ] 2021-07-12 08:00:05.079 [main] Log - Clicking on sign in and logging into application
[INFO ] 2021-07-12 08:00:12.344 [main] Log - Clicking on me button
[INFO ] 2021-07-12 08:00:15.437 [main] Log - Clicking on sign out button
[INFO ] 2021-07-12 08:00:17.763 [main] Log - Test is passed
[INFO ] 2021-07-12 08:00:18.048 [main] Log - LoginTestTest is starting
[INFO ] 2021-07-12 08:00:18.052 [main] Log - clicking sign in button
[INFO ] 2021-07-12 08:00:19.608 [main] Log - Sending email or username in input_box
[INFO ] 2021-07-12 08:00:19.679 [main] Log - sending password in input_box
[INFO ] 2021-07-12 08:00:21.745 [main] Log - Clicking on sign in and logging into application
[INFO ] 2021-07-12 08:00:24.426 [main] Log - Navigating url for again clicking on sign in
[INFO ] 2021-07-12 08:00:25.151 [main] Log - Test is passed
[INFO ] 2021-07-12 08:00:25.393 [main] Log - LoginTestTest is starting
[INFO ] 2021-07-12 08:00:25.398 [main] Log - clicking sign in button
[INFO ] 2021-07-12 08:00:26.920 [main] Log - Sending email or username in input_box
[INFO ] 2021-07-12 08:00:26.996 [main] Log - sending password in input_box
[INFO ] 2021-07-12 08:00:29.069 [main] Log - Clicking on sign in and logging into application
[INFO ] 2021-07-12 08:00:35.904 [main] Log - Clicking on me button
[INFO ] 2021-07-12 08:00:38.977 [main] Log - Clicking on sign out button
[INFO ] 2021-07-12 08:00:41.231 [main] Log - Test is passed
[INFO ] 2021-07-12 08:00:41.384 [main] Log - LoginTestTest is starting
[INFO ] 2021-07-12 08:00:41.388 [main] Log - clicking sign in button
[INFO ] 2021-07-12 08:00:42.879 [main] Log - Sending email or username in input_box
[INFO ] 2021-07-12 08:00:42.930 [main] Log - sending password in input_box
[INFO ] 2021-07-12 08:00:45.001 [main] Log - Clicking on sign in and logging into application
[INFO ] 2021-07-12 08:00:48.373 [main] Log - Navigating url for again clicking on sign in
[INFO ] 2021-07-12 08:00:49.331 [main] Log - Test is passed
[INFO ] 2021-07-12 08:00:49.602 [main] Log - Browser is closed
[INFO ] 2021-07-12 08:00:50.367 [main] Log - Test is ended
[INFO ] 2021-07-12 08:00:50.369 [main] Log - LinkedIn TestTest is finished
[INFO ] 2021-07-12 08:07:53.964 [main] Log - Test is starting
[INFO ] 2021-07-12 08:07:53.964 [main] Log - chrome is starting
[INFO ] 2021-07-12 08:07:55.135 [main] Log - navigating to url : https://www.linkedin.com/
[INFO ] 2021-07-12 08:07:56.178 [main] Log - Launched the web application.
[INFO ] 2021-07-12 08:08:01.196 [main] Log - Browser is closed
[INFO ] 2021-07-12 08:08:01.950 [main] Log - Test is ended
[INFO ] 2021-07-12 08:08:07.178 [main] Log - Test is starting
[INFO ] 2021-07-12 08:08:07.178 [main] Log - chrome is starting
[INFO ] 2021-07-12 08:08:08.430 [main] Log - navigating to url : https://www.linkedin.com/
[INFO ] 2021-07-12 08:08:09.835 [main] Log - Launched the web application.
[INFO ] 2021-07-12 08:08:14.840 [main] Log - Browser is closed
[INFO ] 2021-07-12 08:08:15.539 [main] Log - Test is ended
[INFO ] 2021-07-12 08:10:46.075 [main] Log - Test is starting
[INFO ] 2021-07-12 08:10:46.080 [main] Log - chrome is starting
[INFO ] 2021-07-12 08:10:47.308 [main] Log - navigating to url : https://www.linkedin.com/
[INFO ] 2021-07-12 08:10:48.384 [main] Log - Launched the web application.
[INFO ] 2021-07-12 08:10:53.396 [main] Log - Browser is closed
[INFO ] 2021-07-12 08:10:54.121 [main] Log - Test is ended
[INFO ] 2021-07-12 08:10:57.691 [main] Log - Test is starting
[INFO ] 2021-07-12 08:10:57.692 [main] Log - chrome is starting
[INFO ] 2021-07-12 08:10:58.861 [main] Log - navigating to url : https://www.linkedin.com/
[INFO ] 2021-07-12 08:11:00.124 [main] Log - Launched the web application.
[INFO ] 2021-07-12 08:11:05.126 [main] Log - Browser is closed
[INFO ] 2021-07-12 08:11:05.865 [main] Log - Test is ended
[INFO ] 2021-07-12 08:11:15.801 [main] Log - Test is starting
[INFO ] 2021-07-12 08:11:15.802 [main] Log - chrome is starting
[INFO ] 2021-07-12 08:11:17.313 [main] Log - navigating to url : https://www.linkedin.com/
[INFO ] 2021-07-12 08:11:18.341 [main] Log - Launched the web application.
[INFO ] 2021-07-12 08:11:23.344 [main] Log - Browser is closed
[INFO ] 2021-07-12 08:11:24.223 [main] Log - Test is ended
[INFO ] 2021-07-12 17:45:46.799 [Test worker] Log - Test is starting
[INFO ] 2021-07-12 17:45:46.803 [Test worker] Log - chrome is starting
[INFO ] 2021-07-12 17:45:48.705 [Test worker] Log - navigating to url : https://www.linkedin.com/
[INFO ] 2021-07-12 17:45:49.876 [Test worker] Log - Launched the web application.
[INFO ] 2021-07-12 17:45:55.924 [Test worker] Log - LoginTestTest is starting
[INFO ] 2021-07-12 17:45:55.997 [Test worker] Log - clicking sign in button
[INFO ] 2021-07-12 17:45:58.424 [Test worker] Log - Sending email or username in input_box
[INFO ] 2021-07-12 17:45:58.671 [Test worker] Log - sending password in input_box
[INFO ] 2021-07-12 17:46:00.857 [Test worker] Log - Clicking on sign in and logging into application
[WARN ] 2021-07-12 17:46:09.615 [Test worker] Log - Test is failed
[INFO ] 2021-07-12 17:46:10.190 [Test worker] Log - LoginTestTest is starting
[INFO ] 2021-07-12 17:46:10.198 [Test worker] Log - clicking sign in button
[WARN ] 2021-07-12 17:46:10.635 [Test worker] Log - Test is failed
[INFO ] 2021-07-12 17:46:11.012 [Test worker] Log - LoginTestTest is starting
[INFO ] 2021-07-12 17:46:11.019 [Test worker] Log - clicking sign in button
[WARN ] 2021-07-12 17:46:11.406 [Test worker] Log - Test is failed
[INFO ] 2021-07-12 17:46:11.778 [Test worker] Log - LoginTestTest is starting
[INFO ] 2021-07-12 17:46:11.786 [Test worker] Log - clicking sign in button
[WARN ] 2021-07-12 17:46:12.061 [Test worker] Log - Test is failed
[INFO ] 2021-07-12 17:46:12.387 [Test worker] Log - Browser is closed
[INFO ] 2021-07-12 17:46:13.207 [Test worker] Log - Test is ended
[INFO ] 2021-07-12 17:46:13.208 [Test worker] Log - Gradle testTest is finished
[INFO ] 2021-07-12 17:47:25.496 [Test worker] Log - Test is starting
[INFO ] 2021-07-12 17:47:25.502 [Test worker] Log - chrome is starting
[INFO ] 2021-07-12 17:47:27.230 [Test worker] Log - navigating to url : https://www.linkedin.com/
[INFO ] 2021-07-12 17:47:28.232 [Test worker] Log - Launched the web application.
[INFO ] 2021-07-12 17:47:34.342 [Test worker] Log - LoginTestTest is starting
[INFO ] 2021-07-12 17:47:34.436 [Test worker] Log - clicking sign in button
[INFO ] 2021-07-12 17:47:36.807 [Test worker] Log - Sending email or username in input_box
[INFO ] 2021-07-12 17:47:37.045 [Test worker] Log - sending password in input_box
[INFO ] 2021-07-12 17:47:39.134 [Test worker] Log - Clicking on sign in and logging into application
[WARN ] 2021-07-12 17:47:46.659 [Test worker] Log - Test is failed
[INFO ] 2021-07-12 17:47:47.034 [Test worker] Log - LoginTestTest is starting
[INFO ] 2021-07-12 17:47:47.040 [Test worker] Log - clicking sign in button
[WARN ] 2021-07-12 17:47:47.348 [Test worker] Log - Test is failed
[INFO ] 2021-07-12 17:47:47.644 [Test worker] Log - LoginTestTest is starting
[INFO ] 2021-07-12 17:47:47.649 [Test worker] Log - clicking sign in button
[WARN ] 2021-07-12 17:47:47.926 [Test worker] Log - Test is failed
[INFO ] 2021-07-12 17:47:48.194 [Test worker] Log - LoginTestTest is starting
[INFO ] 2021-07-12 17:47:48.197 [Test worker] Log - clicking sign in button
[WARN ] 2021-07-12 17:47:48.501 [Test worker] Log - Test is failed
[INFO ] 2021-07-12 17:47:48.772 [Test worker] Log - Browser is closed
[INFO ] 2021-07-12 17:47:49.498 [Test worker] Log - Test is ended
[INFO ] 2021-07-12 17:47:49.498 [Test worker] Log - Gradle testTest is finished
[INFO ] 2021-07-12 17:47:56.353 [Test worker] Log - Test is starting
[INFO ] 2021-07-12 17:47:56.360 [Test worker] Log - chrome is starting
[INFO ] 2021-07-12 17:47:58.226 [Test worker] Log - navigating to url : https://www.linkedin.com/
[INFO ] 2021-07-12 17:47:59.272 [Test worker] Log - Launched the web application.
[INFO ] 2021-07-12 17:48:05.696 [Test worker] Log - LoginTestTest is starting
[INFO ] 2021-07-12 17:48:05.808 [Test worker] Log - clicking sign in button
[INFO ] 2021-07-12 17:48:08.282 [Test worker] Log - Sending email or username in input_box
[INFO ] 2021-07-12 17:48:08.544 [Test worker] Log - sending password in input_box
[INFO ] 2021-07-12 17:48:10.662 [Test worker] Log - Clicking on sign in and logging into application
[WARN ] 2021-07-12 17:48:18.872 [Test worker] Log - Test is failed
[INFO ] 2021-07-12 17:48:19.365 [Test worker] Log - LoginTestTest is starting
[INFO ] 2021-07-12 17:48:19.374 [Test worker] Log - clicking sign in button
[WARN ] 2021-07-12 17:48:19.733 [Test worker] Log - Test is failed
[INFO ] 2021-07-12 17:48:20.093 [Test worker] Log - LoginTestTest is starting
[INFO ] 2021-07-12 17:48:20.097 [Test worker] Log - clicking sign in button
[WARN ] 2021-07-12 17:48:20.488 [Test worker] Log - Test is failed
[INFO ] 2021-07-12 17:48:20.816 [Test worker] Log - LoginTestTest is starting
[INFO ] 2021-07-12 17:48:20.824 [Test worker] Log - clicking sign in button
[WARN ] 2021-07-12 17:48:21.161 [Test worker] Log - Test is failed
[INFO ] 2021-07-12 17:48:21.500 [Test worker] Log - Browser is closed
[INFO ] 2021-07-12 17:48:22.205 [Test worker] Log - Test is ended
[INFO ] 2021-07-12 17:48:22.206 [Test worker] Log - Gradle testTest is finished
[INFO ] 2021-07-12 17:49:50.510 [Test worker] Log - Test is starting
[INFO ] 2021-07-12 17:49:50.513 [Test worker] Log - chrome is starting
[INFO ] 2021-07-12 17:49:52.242 [Test worker] Log - navigating to url : https://www.linkedin.com/
[INFO ] 2021-07-12 17:49:53.202 [Test worker] Log - Launched the web application.
[INFO ] 2021-07-12 17:49:59.682 [Test worker] Log - LoginTestTest is starting
[INFO ] 2021-07-12 17:49:59.808 [Test worker] Log - clicking sign in button
[INFO ] 2021-07-12 17:50:02.274 [Test worker] Log - Sending email or username in input_box
[INFO ] 2021-07-12 17:50:02.417 [Test worker] Log - sending password in input_box
[INFO ] 2021-07-12 17:50:04.557 [Test worker] Log - Clicking on sign in and logging into application
[WARN ] 2021-07-12 17:50:12.654 [Test worker] Log - Test is failed
[INFO ] 2021-07-12 17:50:13.188 [Test worker] Log - LoginTestTest is starting
[INFO ] 2021-07-12 17:50:13.201 [Test worker] Log - clicking sign in button
[WARN ] 2021-07-12 17:50:13.599 [Test worker] Log - Test is failed
[INFO ] 2021-07-12 17:50:13.971 [Test worker] Log - LoginTestTest is starting
[INFO ] 2021-07-12 17:50:13.978 [Test worker] Log - clicking sign in button
[WARN ] 2021-07-12 17:50:14.365 [Test worker] Log - Test is failed
[INFO ] 2021-07-12 17:50:14.711 [Test worker] Log - LoginTestTest is starting
[INFO ] 2021-07-12 17:50:14.718 [Test worker] Log - clicking sign in button
[WARN ] 2021-07-12 17:50:15.056 [Test worker] Log - Test is failed
[INFO ] 2021-07-12 17:50:15.400 [Test worker] Log - Browser is closed
[INFO ] 2021-07-12 17:50:16.159 [Test worker] Log - Test is ended
[INFO ] 2021-07-12 17:50:16.160 [Test worker] Log - Gradle testTest is finished
[INFO ] 2021-07-12 17:51:32.365 [Test worker] Log - Test is starting
[INFO ] 2021-07-12 17:51:32.369 [Test worker] Log - chrome is starting
[INFO ] 2021-07-12 17:51:34.269 [Test worker] Log - navigating to url : https://www.linkedin.com/
[WARN ] 2021-07-12 17:51:57.532 [Test worker] Log - LoginTestTest is skipped
[WARN ] 2021-07-12 17:51:57.543 [Test worker] Log - LoginTestTest is skipped
[WARN ] 2021-07-12 17:51:57.550 [Test worker] Log - LoginTestTest is skipped
[WARN ] 2021-07-12 17:51:57.559 [Test worker] Log - LoginTestTest is skipped
[INFO ] 2021-07-12 17:51:57.568 [Test worker] Log - Gradle testTest is finished
[INFO ] 2021-07-12 17:53:19.404 [Test worker] Log - Test is starting
[INFO ] 2021-07-12 17:53:19.408 [Test worker] Log - chrome is starting
[INFO ] 2021-07-12 17:53:21.928 [Test worker] Log - navigating to url : https://www.linkedin.com/
[INFO ] 2021-07-12 17:53:23.219 [Test worker] Log - Launched the web application.
[INFO ] 2021-07-12 17:53:28.876 [Test worker] Log - LoginTestTest is starting
[INFO ] 2021-07-12 17:53:28.927 [Test worker] Log - clicking sign in button
[INFO ] 2021-07-12 17:53:30.993 [Test worker] Log - Sending email or username in input_box
[INFO ] 2021-07-12 17:53:31.065 [Test worker] Log - sending password in input_box
[INFO ] 2021-07-12 17:53:33.147 [Test worker] Log - Clicking on sign in and logging into application
[WARN ] 2021-07-12 17:54:07.564 [Test worker] Log - Test is failed
[INFO ] 2021-07-12 17:54:07.831 [Test worker] Log - LoginTestTest is starting
[INFO ] 2021-07-12 17:54:07.836 [Test worker] Log - clicking sign in button
[WARN ] 2021-07-12 17:54:08.057 [Test worker] Log - Test is failed
[INFO ] 2021-07-12 17:54:08.226 [Test worker] Log - LoginTestTest is starting
[INFO ] 2021-07-12 17:54:08.241 [Test worker] Log - clicking sign in button
[WARN ] 2021-07-12 17:54:08.401 [Test worker] Log - Test is failed
[INFO ] 2021-07-12 17:54:08.571 [Test worker] Log - LoginTestTest is starting
[INFO ] 2021-07-12 17:54:08.580 [Test worker] Log - clicking sign in button
[WARN ] 2021-07-12 17:54:08.795 [Test worker] Log - Test is failed
[INFO ] 2021-07-12 17:54:09.107 [Test worker] Log - Browser is closed
[INFO ] 2021-07-12 17:54:09.970 [Test worker] Log - Test is ended
[INFO ] 2021-07-12 17:54:09.971 [Test worker] Log - Gradle testTest is finished
[INFO ] 2021-07-12 17:55:31.120 [Test worker] Log - Test is starting
[INFO ] 2021-07-12 17:55:31.134 [Test worker] Log - chrome is starting
[INFO ] 2021-07-12 17:55:33.329 [Test worker] Log - navigating to url : https://www.linkedin.com/
[INFO ] 2021-07-12 17:55:34.535 [Test worker] Log - Launched the web application.
[INFO ] 2021-07-12 17:55:40.190 [Test worker] Log - LoginTestTest is starting
[INFO ] 2021-07-12 17:55:40.255 [Test worker] Log - clicking sign in button
[INFO ] 2021-07-12 17:55:42.385 [Test worker] Log - Sending email or username in input_box
[INFO ] 2021-07-12 17:55:42.475 [Test worker] Log - sending password in input_box
[INFO ] 2021-07-12 17:55:44.541 [Test worker] Log - Clicking on sign in and logging into application
[WARN ] 2021-07-12 17:56:44.182 [Test worker] Log - Test is failed
[INFO ] 2021-07-12 17:56:44.553 [Test worker] Log - LoginTestTest is starting
[INFO ] 2021-07-12 17:56:44.558 [Test worker] Log - clicking sign in button
[WARN ] 2021-07-12 17:56:44.847 [Test worker] Log - Test is failed
[INFO ] 2021-07-12 17:56:45.144 [Test worker] Log - LoginTestTest is starting
[INFO ] 2021-07-12 17:56:45.150 [Test worker] Log - clicking sign in button
[WARN ] 2021-07-12 17:56:45.372 [Test worker] Log - Test is failed
[INFO ] 2021-07-12 17:56:45.583 [Test worker] Log - LoginTestTest is starting
[INFO ] 2021-07-12 17:56:45.588 [Test worker] Log - clicking sign in button
[WARN ] 2021-07-12 17:56:45.837 [Test worker] Log - Test is failed
[INFO ] 2021-07-12 17:56:46.018 [Test worker] Log - Browser is closed
[INFO ] 2021-07-12 17:56:46.796 [Test worker] Log - Test is ended
[INFO ] 2021-07-12 17:56:46.796 [Test worker] Log - Gradle testTest is finished
[INFO ] 2021-07-12 17:58:04.037 [Test worker] Log - Test is starting
[INFO ] 2021-07-12 17:58:04.041 [Test worker] Log - chrome is starting
[INFO ] 2021-07-12 17:58:06.777 [Test worker] Log - navigating to url : https://www.linkedin.com/
[INFO ] 2021-07-12 17:58:08.493 [Test worker] Log - Launched the web application.
[INFO ] 2021-07-12 17:58:14.225 [Test worker] Log - LoginTestTest is starting
[INFO ] 2021-07-12 17:58:14.323 [Test worker] Log - clicking sign in button
[INFO ] 2021-07-12 17:58:16.648 [Test worker] Log - Sending email or username in input_box
[INFO ] 2021-07-12 17:58:16.741 [Test worker] Log - sending password in input_box
[INFO ] 2021-07-12 17:58:18.815 [Test worker] Log - Clicking on sign in and logging into application
[WARN ] 2021-07-12 17:58:26.956 [Test worker] Log - Test is failed
[INFO ] 2021-07-12 17:58:27.260 [Test worker] Log - LoginTestTest is starting
[INFO ] 2021-07-12 17:58:27.265 [Test worker] Log - clicking sign in button
[WARN ] 2021-07-12 17:58:27.552 [Test worker] Log - Test is failed
[INFO ] 2021-07-12 17:58:27.782 [Test worker] Log - LoginTestTest is starting
[INFO ] 2021-07-12 17:58:27.798 [Test worker] Log - clicking sign in button
[WARN ] 2021-07-12 17:58:28.097 [Test worker] Log - Test is failed
[INFO ] 2021-07-12 17:58:28.370 [Test worker] Log - LoginTestTest is starting
[INFO ] 2021-07-12 17:58:28.381 [Test worker] Log - clicking sign in button
[WARN ] 2021-07-12 17:58:28.661 [Test worker] Log - Test is failed
[INFO ] 2021-07-12 17:58:28.942 [Test worker] Log - Browser is closed
[INFO ] 2021-07-12 17:58:29.786 [Test worker] Log - Test is ended
[INFO ] 2021-07-12 17:58:29.787 [Test worker] Log - Gradle testTest is finished
[INFO ] 2021-07-12 18:01:03.980 [Test worker] Log - Test is starting
[INFO ] 2021-07-12 18:01:03.992 [Test worker] Log - chrome is starting
[INFO ] 2021-07-12 18:01:06.135 [Test worker] Log - navigating to url : https://www.linkedin.com/
[INFO ] 2021-07-12 18:01:07.395 [Test worker] Log - Launched the web application.
[INFO ] 2021-07-12 18:01:13.023 [Test worker] Log - LoginTestTest is starting
[INFO ] 2021-07-12 18:01:13.097 [Test worker] Log - clicking sign in button
[INFO ] 2021-07-12 18:01:15.299 [Test worker] Log - Sending email or username in input_box
[INFO ] 2021-07-12 18:01:15.379 [Test worker] Log - sending password in input_box
[INFO ] 2021-07-12 18:01:17.472 [Test worker] Log - Clicking on sign in and logging into application
[WARN ] 2021-07-12 18:01:25.747 [Test worker] Log - Test is failed
[INFO ] 2021-07-12 18:01:26.060 [Test worker] Log - LoginTestTest is starting
[INFO ] 2021-07-12 18:01:26.065 [Test worker] Log - clicking sign in button
[WARN ] 2021-07-12 18:01:26.321 [Test worker] Log - Test is failed
[INFO ] 2021-07-12 18:01:26.575 [Test worker] Log - LoginTestTest is starting
[INFO ] 2021-07-12 18:01:26.582 [Test worker] Log - clicking sign in button
[WARN ] 2021-07-12 18:01:26.854 [Test worker] Log - Test is failed
[INFO ] 2021-07-12 18:01:27.101 [Test worker] Log - LoginTestTest is starting
[INFO ] 2021-07-12 18:01:27.104 [Test worker] Log - clicking sign in button
[WARN ] 2021-07-12 18:01:27.364 [Test worker] Log - Test is failed
[INFO ] 2021-07-12 18:01:27.630 [Test worker] Log - Browser is closed
[INFO ] 2021-07-12 18:01:28.430 [Test worker] Log - Test is ended
[INFO ] 2021-07-12 18:01:28.431 [Test worker] Log - Gradle testTest is finished
[INFO ] 2021-07-12 18:01:58.403 [Test worker] Log - Test is starting
[INFO ] 2021-07-12 18:01:58.406 [Test worker] Log - chrome is starting
[INFO ] 2021-07-12 18:02:00.697 [Test worker] Log - navigating to url : https://www.linkedin.com/
[INFO ] 2021-07-12 18:02:01.953 [Test worker] Log - Launched the web application.
[INFO ] 2021-07-12 18:02:07.612 [Test worker] Log - LoginTestTest is starting
[INFO ] 2021-07-12 18:02:07.685 [Test worker] Log - clicking sign in button
[INFO ] 2021-07-12 18:02:09.781 [Test worker] Log - Sending email or username in input_box
[INFO ] 2021-07-12 18:02:09.909 [Test worker] Log - sending password in input_box
[INFO ] 2021-07-12 18:02:11.989 [Test worker] Log - Clicking on sign in and logging into application
[WARN ] 2021-07-12 18:02:19.676 [Test worker] Log - Test is failed
[INFO ] 2021-07-12 18:02:19.997 [Test worker] Log - LoginTestTest is starting
[INFO ] 2021-07-12 18:02:20.003 [Test worker] Log - clicking sign in button
[WARN ] 2021-07-12 18:02:20.297 [Test worker] Log - Test is failed
[INFO ] 2021-07-12 18:02:20.542 [Test worker] Log - LoginTestTest is starting
[INFO ] 2021-07-12 18:02:20.547 [Test worker] Log - clicking sign in button
[WARN ] 2021-07-12 18:02:20.804 [Test worker] Log - Test is failed
[INFO ] 2021-07-12 18:02:21.013 [Test worker] Log - LoginTestTest is starting
[INFO ] 2021-07-12 18:02:21.022 [Test worker] Log - clicking sign in button
[WARN ] 2021-07-12 18:02:21.254 [Test worker] Log - Test is failed
[INFO ] 2021-07-12 18:02:21.476 [Test worker] Log - Browser is closed
[INFO ] 2021-07-12 18:02:22.298 [Test worker] Log - Test is ended
[INFO ] 2021-07-12 18:02:22.299 [Test worker] Log - Gradle testTest is finished
[INFO ] 2021-07-12 18:04:05.173 [Test worker] Log - Test is starting
[INFO ] 2021-07-12 18:04:05.180 [Test worker] Log - chrome is starting
[INFO ] 2021-07-12 18:04:07.488 [Test worker] Log - navigating to url : https://www.linkedin.com/
[INFO ] 2021-07-12 18:04:08.651 [Test worker] Log - Launched the web application.
[INFO ] 2021-07-12 18:04:14.321 [Test worker] Log - LoginTestTest is starting
[INFO ] 2021-07-12 18:04:14.377 [Test worker] Log - clicking sign in button
[INFO ] 2021-07-12 18:04:16.482 [Test worker] Log - Sending email or username in input_box
[INFO ] 2021-07-12 18:04:16.575 [Test worker] Log - sending password in input_box
[INFO ] 2021-07-12 18:04:18.669 [Test worker] Log - Clicking on sign in and logging into application
[WARN ] 2021-07-12 18:04:30.585 [Test worker] Log - Test is failed
[INFO ] 2021-07-12 18:04:31.001 [Test worker] Log - LoginTestTest is starting
[INFO ] 2021-07-12 18:04:31.005 [Test worker] Log - clicking sign in button
[WARN ] 2021-07-12 18:04:31.428 [Test worker] Log - Test is failed
[INFO ] 2021-07-12 18:04:31.754 [Test worker] Log - LoginTestTest is starting
[INFO ] 2021-07-12 18:04:31.759 [Test worker] Log - clicking sign in button
[WARN ] 2021-07-12 18:04:32.091 [Test worker] Log - Test is failed
[INFO ] 2021-07-12 18:04:32.421 [Test worker] Log - LoginTestTest is starting
[INFO ] 2021-07-12 18:04:32.425 [Test worker] Log - clicking sign in button
[WARN ] 2021-07-12 18:04:32.741 [Test worker] Log - Test is failed
[INFO ] 2021-07-12 18:04:33.058 [Test worker] Log - Browser is closed
[INFO ] 2021-07-12 18:04:33.847 [Test worker] Log - Test is ended
[INFO ] 2021-07-12 18:04:33.848 [Test worker] Log - Gradle testTest is finished
[INFO ] 2021-07-12 18:11:50.428 [Test worker] Log - Test is starting
[INFO ] 2021-07-12 18:11:50.432 [Test worker] Log - chrome is starting
[INFO ] 2021-07-12 18:11:52.618 [Test worker] Log - navigating to url : https://www.linkedin.com/
[INFO ] 2021-07-12 18:11:53.981 [Test worker] Log - Launched the web application.
[INFO ] 2021-07-12 18:11:59.679 [Test worker] Log - LoginTestTest is starting
[INFO ] 2021-07-12 18:11:59.760 [Test worker] Log - clicking sign in button
[INFO ] 2021-07-12 18:12:01.931 [Test worker] Log - Sending email or username in input_box
[INFO ] 2021-07-12 18:12:01.998 [Test worker] Log - sending password in input_box
[INFO ] 2021-07-12 18:12:04.080 [Test worker] Log - Clicking on sign in and logging into application
[WARN ] 2021-07-12 18:12:30.957 [Test worker] Log - Test is failed
[INFO ] 2021-07-12 18:12:31.282 [Test worker] Log - LoginTestTest is starting
[INFO ] 2021-07-12 18:12:31.301 [Test worker] Log - clicking sign in button
[WARN ] 2021-07-12 18:12:31.570 [Test worker] Log - Test is failed
[INFO ] 2021-07-12 18:12:31.803 [Test worker] Log - LoginTestTest is starting
[INFO ] 2021-07-12 18:12:31.809 [Test worker] Log - clicking sign in button
[WARN ] 2021-07-12 18:12:32.081 [Test worker] Log - Test is failed
[INFO ] 2021-07-12 18:12:32.328 [Test worker] Log - LoginTestTest is starting
[INFO ] 2021-07-12 18:12:32.338 [Test worker] Log - clicking sign in button
[WARN ] 2021-07-12 18:12:32.595 [Test worker] Log - Test is failed
[INFO ] 2021-07-12 18:12:32.846 [Test worker] Log - Browser is closed
[INFO ] 2021-07-12 18:12:33.624 [Test worker] Log - Test is ended
[INFO ] 2021-07-12 18:12:33.625 [Test worker] Log - Gradle testTest is finished
[INFO ] 2021-07-12 18:13:12.325 [Test worker] Log - Test is starting
[INFO ] 2021-07-12 18:13:12.338 [Test worker] Log - chrome is starting
[INFO ] 2021-07-12 18:13:14.696 [Test worker] Log - navigating to url : https://www.linkedin.com/
[INFO ] 2021-07-12 18:13:16.057 [Test worker] Log - Launched the web application.
[INFO ] 2021-07-12 18:13:21.799 [Test worker] Log - LoginTestTest is starting
[INFO ] 2021-07-12 18:13:21.883 [Test worker] Log - clicking sign in button
[INFO ] 2021-07-12 18:13:24.004 [Test worker] Log - Sending email or username in input_box
[INFO ] 2021-07-12 18:13:24.133 [Test worker] Log - sending password in input_box
[INFO ] 2021-07-12 18:13:26.274 [Test worker] Log - Clicking on sign in and logging into application
[INFO ] 2021-07-12 18:13:33.411 [Test worker] Log - Clicking on me button
[INFO ] 2021-07-12 18:13:33.472 [Test worker] Log - Clicking on sign out button
[WARN ] 2021-07-12 18:13:33.858 [Test worker] Log - Test is failed
[INFO ] 2021-07-12 18:13:34.203 [Test worker] Log - LoginTestTest is starting
[INFO ] 2021-07-12 18:13:34.207 [Test worker] Log - clicking sign in button
[WARN ] 2021-07-12 18:13:34.507 [Test worker] Log - Test is failed
[INFO ] 2021-07-12 18:13:34.760 [Test worker] Log - LoginTestTest is starting
[INFO ] 2021-07-12 18:13:34.766 [Test worker] Log - clicking sign in button
[WARN ] 2021-07-12 18:13:35.065 [Test worker] Log - Test is failed
[INFO ] 2021-07-12 18:13:35.330 [Test worker] Log - LoginTestTest is starting
[INFO ] 2021-07-12 18:13:35.341 [Test worker] Log - clicking sign in button
[WARN ] 2021-07-12 18:13:35.624 [Test worker] Log - Test is failed
[INFO ] 2021-07-12 18:13:35.857 [Test worker] Log - Browser is closed
[INFO ] 2021-07-12 18:13:36.764 [Test worker] Log - Test is ended
[INFO ] 2021-07-12 18:13:36.765 [Test worker] Log - Gradle testTest is finished
[INFO ] 2021-07-12 18:14:29.371 [Test worker] Log - Test is starting
[INFO ] 2021-07-12 18:14:29.376 [Test worker] Log - chrome is starting
[INFO ] 2021-07-12 18:14:31.561 [Test worker] Log - navigating to url : https://www.linkedin.com/
[INFO ] 2021-07-12 18:14:33.114 [Test worker] Log - Launched the web application.
[INFO ] 2021-07-12 18:14:38.800 [Test worker] Log - LoginTestTest is starting
[INFO ] 2021-07-12 18:14:38.885 [Test worker] Log - clicking sign in button
[INFO ] 2021-07-12 18:14:41.133 [Test worker] Log - Sending email or username in input_box
[INFO ] 2021-07-12 18:14:41.250 [Test worker] Log - sending password in input_box
[INFO ] 2021-07-12 18:14:43.380 [Test worker] Log - Clicking on sign in and logging into application
[INFO ] 2021-07-12 18:14:52.034 [Test worker] Log - Clicking on me button
[INFO ] 2021-07-12 18:14:52.106 [Test worker] Log - Clicking on sign out button
[WARN ] 2021-07-12 18:14:52.523 [Test worker] Log - Test is failed
[INFO ] 2021-07-12 18:14:52.921 [Test worker] Log - LoginTestTest is starting
[INFO ] 2021-07-12 18:14:52.930 [Test worker] Log - clicking sign in button
[WARN ] 2021-07-12 18:14:53.209 [Test worker] Log - Test is failed
[INFO ] 2021-07-12 18:14:53.469 [Test worker] Log - LoginTestTest is starting
[INFO ] 2021-07-12 18:14:53.485 [Test worker] Log - clicking sign in button
[WARN ] 2021-07-12 18:14:53.805 [Test worker] Log - Test is failed
[INFO ] 2021-07-12 18:14:54.070 [Test worker] Log - LoginTestTest is starting
[INFO ] 2021-07-12 18:14:54.082 [Test worker] Log - clicking sign in button
[WARN ] 2021-07-12 18:14:54.371 [Test worker] Log - Test is failed
[INFO ] 2021-07-12 18:14:54.670 [Test worker] Log - Browser is closed
[INFO ] 2021-07-12 18:14:55.512 [Test worker] Log - Test is ended
[INFO ] 2021-07-12 18:14:55.513 [Test worker] Log - Gradle testTest is finished
[INFO ] 2021-07-12 18:15:59.692 [Test worker] Log - Test is starting
[INFO ] 2021-07-12 18:15:59.698 [Test worker] Log - chrome is starting
[INFO ] 2021-07-12 18:16:01.873 [Test worker] Log - navigating to url : https://www.linkedin.com/
[INFO ] 2021-07-12 18:16:03.372 [Test worker] Log - Launched the web application.
[INFO ] 2021-07-12 18:16:09.106 [Test worker] Log - LoginTestTest is starting
[INFO ] 2021-07-12 18:16:09.165 [Test worker] Log - clicking sign in button
[INFO ] 2021-07-12 18:16:11.584 [Test worker] Log - Sending email or username in input_box
[INFO ] 2021-07-12 18:16:11.670 [Test worker] Log - sending password in input_box
[INFO ] 2021-07-12 18:16:13.743 [Test worker] Log - Clicking on sign in and logging into application
[INFO ] 2021-07-12 18:16:21.311 [Test worker] Log - Clicking on me button
[INFO ] 2021-07-12 18:16:21.457 [Test worker] Log - Clicking on sign out button
[INFO ] 2021-07-12 18:16:23.892 [Test worker] Log - Test is passed
[INFO ] 2021-07-12 18:16:24.171 [Test worker] Log - LoginTestTest is starting
[INFO ] 2021-07-12 18:16:24.182 [Test worker] Log - clicking sign in button
[INFO ] 2021-07-12 18:16:25.833 [Test worker] Log - Sending email or username in input_box
[INFO ] 2021-07-12 18:16:25.894 [Test worker] Log - sending password in input_box
[INFO ] 2021-07-12 18:16:27.972 [Test worker] Log - Clicking on sign in and logging into application
[INFO ] 2021-07-12 18:16:30.937 [Test worker] Log - Navigating url for again clicking on sign in
[INFO ] 2021-07-12 18:16:32.166 [Test worker] Log - Test is passed
[INFO ] 2021-07-12 18:16:32.385 [Test worker] Log - LoginTestTest is starting
[INFO ] 2021-07-12 18:16:32.400 [Test worker] Log - clicking sign in button
[INFO ] 2021-07-12 18:16:33.972 [Test worker] Log - Sending email or username in input_box
[INFO ] 2021-07-12 18:16:34.042 [Test worker] Log - sending password in input_box
[INFO ] 2021-07-12 18:16:36.129 [Test worker] Log - Clicking on sign in and logging into application
[INFO ] 2021-07-12 18:16:42.255 [Test worker] Log - Clicking on me button
[INFO ] 2021-07-12 18:16:42.323 [Test worker] Log - Clicking on sign out button
[WARN ] 2021-07-12 18:16:42.713 [Test worker] Log - Test is failed
[INFO ] 2021-07-12 18:16:42.975 [Test worker] Log - LoginTestTest is starting
[INFO ] 2021-07-12 18:16:42.979 [Test worker] Log - clicking sign in button
[WARN ] 2021-07-12 18:16:43.253 [Test worker] Log - Test is failed
[INFO ] 2021-07-12 18:16:43.523 [Test worker] Log - Browser is closed
[INFO ] 2021-07-12 18:16:44.448 [Test worker] Log - Test is ended
[INFO ] 2021-07-12 18:16:44.450 [Test worker] Log - Gradle testTest is finished
[INFO ] 2021-07-12 18:17:30.831 [Test worker] Log - Test is starting
[INFO ] 2021-07-12 18:17:30.837 [Test worker] Log - chrome is starting
[INFO ] 2021-07-12 18:17:33.140 [Test worker] Log - navigating to url : https://www.linkedin.com/
[INFO ] 2021-07-12 18:17:34.827 [Test worker] Log - Launched the web application.
[INFO ] 2021-07-12 18:17:40.603 [Test worker] Log - LoginTestTest is starting
[INFO ] 2021-07-12 18:17:40.654 [Test worker] Log - clicking sign in button
[INFO ] 2021-07-12 18:17:42.859 [Test worker] Log - Sending email or username in input_box
[INFO ] 2021-07-12 18:17:42.945 [Test worker] Log - sending password in input_box
[INFO ] 2021-07-12 18:17:45.035 [Test worker] Log - Clicking on sign in and logging into application
[INFO ] 2021-07-12 18:17:54.381 [Test worker] Log - Clicking on me button
[INFO ] 2021-07-12 18:17:54.450 [Test worker] Log - Clicking on sign out button
[WARN ] 2021-07-12 18:17:54.852 [Test worker] Log - Test is failed
[INFO ] 2021-07-12 18:17:55.181 [Test worker] Log - LoginTestTest is starting
[INFO ] 2021-07-12 18:17:55.187 [Test worker] Log - clicking sign in button
[WARN ] 2021-07-12 18:17:55.513 [Test worker] Log - Test is failed
[INFO ] 2021-07-12 18:17:55.743 [Test worker] Log - LoginTestTest is starting
[INFO ] 2021-07-12 18:17:55.749 [Test worker] Log - clicking sign in button
[WARN ] 2021-07-12 18:17:56.015 [Test worker] Log - Test is failed
[INFO ] 2021-07-12 18:17:56.243 [Test worker] Log - LoginTestTest is starting
[INFO ] 2021-07-12 18:17:56.253 [Test worker] Log - clicking sign in button
[WARN ] 2021-07-12 18:17:56.557 [Test worker] Log - Test is failed
[INFO ] 2021-07-12 18:17:56.815 [Test worker] Log - Browser is closed
[INFO ] 2021-07-12 18:17:57.670 [Test worker] Log - Test is ended
[INFO ] 2021-07-12 18:17:57.671 [Test worker] Log - Gradle testTest is finished
[INFO ] 2021-07-12 18:18:25.337 [Test worker] Log - Test is starting
[INFO ] 2021-07-12 18:18:25.341 [Test worker] Log - chrome is starting
[INFO ] 2021-07-12 18:18:27.482 [Test worker] Log - navigating to url : https://www.linkedin.com/
[INFO ] 2021-07-12 18:18:28.942 [Test worker] Log - Launched the web application.
[INFO ] 2021-07-12 18:18:34.619 [Test worker] Log - LoginTestTest is starting
[INFO ] 2021-07-12 18:18:34.676 [Test worker] Log - clicking sign in button
[INFO ] 2021-07-12 18:18:36.813 [Test worker] Log - Sending email or username in input_box
[INFO ] 2021-07-12 18:18:36.897 [Test worker] Log - sending password in input_box
[INFO ] 2021-07-12 18:18:38.973 [Test worker] Log - Clicking on sign in and logging into application
[WARN ] 2021-07-12 18:18:42.548 [Test worker] Log - Test is failed
[INFO ] 2021-07-12 18:18:42.841 [Test worker] Log - LoginTestTest is starting
[INFO ] 2021-07-12 18:18:42.846 [Test worker] Log - clicking sign in button
[WARN ] 2021-07-12 18:18:44.155 [Test worker] Log - Test is failed
[INFO ] 2021-07-12 18:18:44.355 [Test worker] Log - LoginTestTest is starting
[INFO ] 2021-07-12 18:18:44.366 [Test worker] Log - clicking sign in button
[WARN ] 2021-07-12 18:18:45.680 [Test worker] Log - Test is failed
[INFO ] 2021-07-12 18:18:45.885 [Test worker] Log - LoginTestTest is starting
[INFO ] 2021-07-12 18:18:45.893 [Test worker] Log - clicking sign in button
[INFO ] 2021-07-12 18:18:48.136 [Test worker] Log - Sending email or username in input_box
[INFO ] 2021-07-12 18:18:48.213 [Test worker] Log - sending password in input_box
[INFO ] 2021-07-12 18:18:50.327 [Test worker] Log - Clicking on sign in and logging into application
[INFO ] 2021-07-12 18:18:52.939 [Test worker] Log - Navigating url for again clicking on sign in
[INFO ] 2021-07-12 18:18:53.984 [Test worker] Log - Test is passed
[INFO ] 2021-07-12 18:18:54.187 [Test worker] Log - Browser is closed
[INFO ] 2021-07-12 18:18:54.964 [Test worker] Log - Test is ended
[INFO ] 2021-07-12 18:18:54.965 [Test worker] Log - Gradle testTest is finished
[INFO ] 2021-07-12 18:19:10.464 [Test worker] Log - Test is starting
[INFO ] 2021-07-12 18:19:10.468 [Test worker] Log - chrome is starting
[INFO ] 2021-07-12 18:19:12.719 [Test worker] Log - navigating to url : https://www.linkedin.com/
[INFO ] 2021-07-12 18:19:14.242 [Test worker] Log - Launched the web application.
[INFO ] 2021-07-12 18:19:19.974 [Test worker] Log - LoginTestTest is starting
[INFO ] 2021-07-12 18:19:20.041 [Test worker] Log - clicking sign in button
[INFO ] 2021-07-12 18:19:22.245 [Test worker] Log - Sending email or username in input_box
[INFO ] 2021-07-12 18:19:22.361 [Test worker] Log - sending password in input_box
[INFO ] 2021-07-12 18:19:24.471 [Test worker] Log - Clicking on sign in and logging into application
[INFO ] 2021-07-12 18:19:32.814 [Test worker] Log - Clicking on me button
[INFO ] 2021-07-12 18:19:32.874 [Test worker] Log - Clicking on sign out button
[WARN ] 2021-07-12 18:19:33.255 [Test worker] Log - Test is failed
[INFO ] 2021-07-12 18:19:33.607 [Test worker] Log - LoginTestTest is starting
[INFO ] 2021-07-12 18:19:33.614 [Test worker] Log - clicking sign in button
[WARN ] 2021-07-12 18:19:33.919 [Test worker] Log - Test is failed
[INFO ] 2021-07-12 18:19:34.182 [Test worker] Log - LoginTestTest is starting
[INFO ] 2021-07-12 18:19:34.188 [Test worker] Log - clicking sign in button
[WARN ] 2021-07-12 18:19:34.434 [Test worker] Log - Test is failed
[INFO ] 2021-07-12 18:19:34.665 [Test worker] Log - LoginTestTest is starting
[INFO ] 2021-07-12 18:19:34.670 [Test worker] Log - clicking sign in button
[WARN ] 2021-07-12 18:19:34.938 [Test worker] Log - Test is failed
[INFO ] 2021-07-12 18:19:35.194 [Test worker] Log - Browser is closed
[INFO ] 2021-07-12 18:19:36.007 [Test worker] Log - Test is ended
[INFO ] 2021-07-12 18:19:36.008 [Test worker] Log - Gradle testTest is finished
[INFO ] 2021-07-12 18:21:31.896 [Test worker] Log - Test is starting
[INFO ] 2021-07-12 18:21:31.901 [Test worker] Log - chrome is starting
[INFO ] 2021-07-12 18:21:34.668 [Test worker] Log - navigating to url : https://www.linkedin.com/
[INFO ] 2021-07-12 18:21:36.441 [Test worker] Log - Launched the web application.
[INFO ] 2021-07-12 18:21:42.098 [Test worker] Log - LoginTestTest is starting
[INFO ] 2021-07-12 18:21:42.155 [Test worker] Log - clicking sign in button
[INFO ] 2021-07-12 18:21:44.284 [Test worker] Log - Sending email or username in input_box
[INFO ] 2021-07-12 18:21:44.387 [Test worker] Log - sending password in input_box
[INFO ] 2021-07-12 18:21:46.474 [Test worker] Log - Clicking on sign in and logging into application
[INFO ] 2021-07-12 18:21:54.128 [Test worker] Log - Clicking on me button
[INFO ] 2021-07-12 18:21:54.239 [Test worker] Log - Clicking on sign out button
[INFO ] 2021-07-12 18:21:56.663 [Test worker] Log - Test is passed
[INFO ] 2021-07-12 18:21:56.944 [Test worker] Log - LoginTestTest is starting
[INFO ] 2021-07-12 18:21:56.949 [Test worker] Log - clicking sign in button
[INFO ] 2021-07-12 18:21:58.520 [Test worker] Log - Sending email or username in input_box
[INFO ] 2021-07-12 18:21:58.586 [Test worker] Log - sending password in input_box
[INFO ] 2021-07-12 18:22:00.658 [Test worker] Log - Clicking on sign in and logging into application
[INFO ] 2021-07-12 18:22:03.349 [Test worker] Log - Navigating url for again clicking on sign in
[INFO ] 2021-07-12 18:22:04.274 [Test worker] Log - Test is passed
[INFO ] 2021-07-12 18:22:04.548 [Test worker] Log - LoginTestTest is starting
[INFO ] 2021-07-12 18:22:04.552 [Test worker] Log - clicking sign in button
[INFO ] 2021-07-12 18:22:06.283 [Test worker] Log - Sending email or username in input_box
[INFO ] 2021-07-12 18:22:06.353 [Test worker] Log - sending password in input_box
[INFO ] 2021-07-12 18:22:08.427 [Test worker] Log - Clicking on sign in and logging into application
[INFO ] 2021-07-12 18:22:14.106 [Test worker] Log - Clicking on me button
[INFO ] 2021-07-12 18:22:14.195 [Test worker] Log - Clicking on sign out button
[INFO ] 2021-07-12 18:22:16.544 [Test worker] Log - Test is passed
[INFO ] 2021-07-12 18:22:16.723 [Test worker] Log - LoginTestTest is starting
[INFO ] 2021-07-12 18:22:16.733 [Test worker] Log - clicking sign in button
[INFO ] 2021-07-12 18:22:18.364 [Test worker] Log - Sending email or username in input_box
[INFO ] 2021-07-12 18:22:18.437 [Test worker] Log - sending password in input_box
[INFO ] 2021-07-12 18:22:20.679 [Test worker] Log - Clicking on sign in and logging into application
[INFO ] 2021-07-12 18:22:23.417 [Test worker] Log - Navigating url for again clicking on sign in
[INFO ] 2021-07-12 18:22:24.448 [Test worker] Log - Test is passed
[INFO ] 2021-07-12 18:22:24.666 [Test worker] Log - Browser is closed
[INFO ] 2021-07-12 18:22:25.582 [Test worker] Log - Test is ended
[INFO ] 2021-07-12 18:22:25.583 [Test worker] Log - Gradle testTest is finished
